生成启动时间为 2022-07-17 6:41:30 PM。
     1>项目“C:\Users\13343\Documents\Visual Studio 2015\Projects\QtRealPlayDemo\QtRealPlayDemo\QtRealPlayDemo.vcxproj”在节点 2 上(Build 个目标)。
     1>ClCompile:
         C:\Program Files (x86)\Microsoft Visual Studio 14.0\VC\bin\CL.exe /c /I.\GeneratedFiles /I. /IC:\Qt\Qt5.9.1\5.9.1\msvc2015\include /I.\GeneratedFiles\Debug /IC:\Qt\Qt5.9.1\5.9.1\msvc2015\include\QtCore /IC:\Qt\Qt5.9.1\5.9.1\msvc2015\include\QtGui /IC:\Qt\Qt5.9.1\5.9.1\msvc2015\include\QtWidgets /IC:\Qt\Qt5.9.1\5.9.1\msvc2015\include\QtMultimedia /Zi /nologo /W1 /WX- /Od /Oy- /D UNICODE /D WIN32 /D WIN64 /D QT_DLL /D QT_CORE_LIB /D QT_GUI_LIB /D QT_WIDGETS_LIB /D QT_MULTIMEDIA_LIB /Gm- /EHsc /MDd /GS /fp:precise /Zc:wchar_t /Zc:forScope /Zc:inline /Fo"Debug\\" /Fd"Debug\vc140.pdb" /Gd /TP /analyze- /errorReport:prompt replay.cpp
         replay.cpp
         C:\Program Files (x86)\Microsoft Visual Studio 14.0\VC\bin\CL.exe /c /I.\GeneratedFiles /I. /IC:\Qt\Qt5.9.1\5.9.1\msvc2015\include /I.\GeneratedFiles\Debug /IC:\Qt\Qt5.9.1\5.9.1\msvc2015\include\QtCore /IC:\Qt\Qt5.9.1\5.9.1\msvc2015\include\QtGui /IC:\Qt\Qt5.9.1\5.9.1\msvc2015\include\QtWidgets /IC:\Qt\Qt5.9.1\5.9.1\msvc2015\include\QtMultimedia /Zi /nologo /W1 /WX- /Od /Oy- /D UNICODE /D WIN32 /D WIN64 /D QT_DLL /D QT_CORE_LIB /D QT_GUI_LIB /D QT_WIDGETS_LIB /D QT_MULTIMEDIA_LIB /Gm- /EHsc /MDd /GS /fp:precise /Zc:wchar_t /Zc:forScope /Zc:inline /Fo"Debug\\" /Fd"Debug\vc140.pdb" /Gd /TP /analyze- /errorReport:prompt GeneratedFiles\qrc_qtrealplaydemo.cpp
         qrc_qtrealplaydemo.cpp
       Link:
         C:\Program Files (x86)\Microsoft Visual Studio 14.0\VC\bin\link.exe /ERRORREPORT:PROMPT /OUT:"C:\Users\13343\Documents\Visual Studio 2015\Projects\QtRealPlayDemo\Win32\Debug\\QtRealPlayDemo.exe" /NOLOGO /LIBPATH:C:\Qt\Qt5.9.1\5.9.1\msvc2015\lib /LIBPATH:"C:\Users\13343\Documents\Visual Studio 2015\Projects\QtRealPlayDemo\QtRealPlayDemo" qtmaind.lib Qt5Cored.lib Qt5Guid.lib Qt5Widgetsd.lib I8H_SDK.lib Qt5Multimediad.lib kernel32.lib user32.lib gdi32.lib winspool.lib comdlg32.lib advapi32.lib shell32.lib ole32.lib oleaut32.lib uuid.lib odbc32.lib odbccp32.lib /MANIFEST /MANIFESTUAC:"level='asInvoker' uiAccess='false'" /manifest:embed /Debug /PDB:"C:\Users\13343\Documents\Visual Studio 2015\Projects\QtRealPlayDemo\Win32\Debug\QtRealPlayDemo.pdb" /SUBSYSTEM:WINDOWS /TLBID:1 /DYNAMICBASE /NXCOMPAT /IMPLIB:"C:\Users\13343\Documents\Visual Studio 2015\Projects\QtRealPlayDemo\Win32\Debug\QtRealPlayDemo.lib" /MACHINE:X86 /SAFESEH Debug\moc_qtrealplaydemo.obj
         Debug\moc_replay.obj
         Debug\qrc_qtrealplaydemo.obj
         Debug\main.obj
         Debug\qtrealplaydemo.obj
         Debug\replay.obj
         ConvertMP4.lib
         I8H_SDK.lib
         I8_PlaySDK.lib
         jrtplib.lib
         public.lib
         QtRealPlayDemo.vcxproj -> C:\Users\13343\Documents\Visual Studio 2015\Projects\QtRealPlayDemo\Win32\Debug\QtRealPlayDemo.exe
     1>已完成生成项目“C:\Users\13343\Documents\Visual Studio 2015\Projects\QtRealPlayDemo\QtRealPlayDemo\QtRealPlayDemo.vcxproj”(Build 个目标)的操作。

已成功生成。

已用时间 00:00:02.08
