c:\users\13343\documents\visual studio 2015\projects\qtrealplaydemo\qtrealplaydemo\debug\vc140.pdb
c:\users\13343\documents\visual studio 2015\projects\qtrealplaydemo\qtrealplaydemo\debug\qrc_qtrealplaydemo.obj
c:\users\13343\documents\visual studio 2015\projects\qtrealplaydemo\qtrealplaydemo\debug\replay.obj
c:\users\13343\documents\visual studio 2015\projects\qtrealplaydemo\qtrealplaydemo\debug\qtrealplaydemo.obj
c:\users\13343\documents\visual studio 2015\projects\qtrealplaydemo\qtrealplaydemo\debug\main.obj
c:\users\13343\documents\visual studio 2015\projects\qtrealplaydemo\qtrealplaydemo\debug\moc_replay.obj
c:\users\13343\documents\visual studio 2015\projects\qtrealplaydemo\qtrealplaydemo\debug\moc_qtrealplaydemo.obj
c:\users\13343\documents\visual studio 2015\projects\qtrealplaydemo\qtrealplaydemo\generatedfiles\ui_qtrealplaydemo.h
c:\users\13343\documents\visual studio 2015\projects\qtrealplaydemo\qtrealplaydemo\generatedfiles\qrc_qtrealplaydemo.cpp
c:\users\13343\documents\visual studio 2015\projects\qtrealplaydemo\qtrealplaydemo\generatedfiles\ui_replay.h
c:\users\13343\documents\visual studio 2015\projects\qtrealplaydemo\qtrealplaydemo\generatedfiles\debug\moc_qtrealplaydemo.cpp
c:\users\13343\documents\visual studio 2015\projects\qtrealplaydemo\qtrealplaydemo\generatedfiles\debug\moc_replay.cpp
c:\users\13343\documents\visual studio 2015\projects\qtrealplaydemo\win32\debug\qtrealplaydemo.ilk
c:\users\13343\documents\visual studio 2015\projects\qtrealplaydemo\win32\debug\qtrealplaydemo.exe
c:\users\13343\documents\visual studio 2015\projects\qtrealplaydemo\win32\debug\qtrealplaydemo.pdb
c:\users\13343\documents\visual studio 2015\projects\qtrealplaydemo\qtrealplaydemo\debug\qtrealplaydemo.tlog\cl.command.1.tlog
c:\users\13343\documents\visual studio 2015\projects\qtrealplaydemo\qtrealplaydemo\debug\qtrealplaydemo.tlog\cl.read.1.tlog
c:\users\13343\documents\visual studio 2015\projects\qtrealplaydemo\qtrealplaydemo\debug\qtrealplaydemo.tlog\cl.write.1.tlog
c:\users\13343\documents\visual studio 2015\projects\qtrealplaydemo\qtrealplaydemo\debug\qtrealplaydemo.tlog\custombuild.command.1.tlog
c:\users\13343\documents\visual studio 2015\projects\qtrealplaydemo\qtrealplaydemo\debug\qtrealplaydemo.tlog\custombuild.read.1.tlog
c:\users\13343\documents\visual studio 2015\projects\qtrealplaydemo\qtrealplaydemo\debug\qtrealplaydemo.tlog\custombuild.write.1.tlog
c:\users\13343\documents\visual studio 2015\projects\qtrealplaydemo\qtrealplaydemo\debug\qtrealplaydemo.tlog\link.command.1.tlog
c:\users\13343\documents\visual studio 2015\projects\qtrealplaydemo\qtrealplaydemo\debug\qtrealplaydemo.tlog\link.read.1.tlog
c:\users\13343\documents\visual studio 2015\projects\qtrealplaydemo\qtrealplaydemo\debug\qtrealplaydemo.tlog\link.write.1.tlog
